<?xml version="1.0" encoding="UTF-8"?>
<testng-results skipped="0" failed="0" total="2" passed="2">
  <reporter-output>
  </reporter-output>
  <suite name="Suite" duration-ms="3911" started-at="2022-04-15T05:01:03Z" finished-at="2022-04-15T05:01:07Z">
    <groups>
    </groups>
    <test name="Test" duration-ms="3911" started-at="2022-04-15T05:01:03Z" finished-at="2022-04-15T05:01:07Z">
      <class name="MicrosoftAzure_demo.MicrosoftAzure_demo.AppTest">
        <test-method status="PASS" signature="test()[pri:0, instance:MicrosoftAzure_demo.MicrosoftAzure_demo.AppTest@6767c1fc]" name="test" duration-ms="12" started-at="2022-04-15T10:31:03Z" finished-at="2022-04-15T10:31:03Z">
          <reporter-output>
          </reporter-output>
        </test-method> <!-- test -->
        <test-method status="PASS" signature="test1(java.lang.String)[pri:0, instance:MicrosoftAzure_demo.MicrosoftAzure_demo.AppTest@6767c1fc]" name="test1" duration-ms="3884" started-at="2022-04-15T10:31:03Z" finished-at="2022-04-15T10:31:07Z">
          <params>
            <param index="0">
              <value>
                <![CDATA[chrome]]>
              </value>
            </param>
          </params>
          <reporter-output>
          </reporter-output>
        </test-method> <!-- test1 -->
      </class> <!-- MicrosoftAzure_demo.MicrosoftAzure_demo.AppTest -->
    </test> <!-- Test -->
  </suite> <!-- Suite -->
</testng-results>
